INFO:werkzeug:[31m[1mWARNING: This is a development server. Do not use it in a production deployment. Use a production WSGI server instead.[0m
 * Running on http://localhost:5001
INFO:werkzeug:[33mPress CTRL+C to quit[0m
INFO:werkzeug: * Restarting with stat
WARNING:werkzeug: * Debugger is active!
INFO:werkzeug: * Debugger PIN: 196-859-547
INFO:werkzeug: * Detected change in 'C:\\Users\\vinay\\Downloads\\MF-133-2 2\\MF-133-2 2\\backend\\setup_database.py', reloading
INFO:werkzeug: * Restarting with stat
WARNING:werkzeug: * Debugger is active!
INFO:werkzeug: * Debugger PIN: 196-859-547
INFO:werkzeug: * Detected change in 'C:\\Users\\vinay\\Downloads\\MF-133-2 2\\MF-133-2 2\\backend\\db\\connection.py', reloading
INFO:werkzeug: * Restarting with stat
WARNING:werkzeug: * Debugger is active!
INFO:werkzeug: * Debugger PIN: 196-859-547
INFO:werkzeug: * Detected change in 'C:\\Users\\vinay\\Downloads\\MF-133-2 2\\MF-133-2 2\\backend\\db\\connection.py', reloading
INFO:werkzeug: * Restarting with stat
WARNING:werkzeug: * Debugger is active!
INFO:werkzeug: * Debugger PIN: 196-859-547
INFO:werkzeug:[31m[1mWARNING: This is a development server. Do not use it in a production deployment. Use a production WSGI server instead.[0m
 * Running on http://localhost:5001
INFO:werkzeug:[33mPress CTRL+C to quit[0m
INFO:werkzeug: * Restarting with stat
WARNING:werkzeug: * Debugger is active!
INFO:werkzeug: * Debugger PIN: 196-859-547
INFO:werkzeug:[31m[1mWARNING: This is a development server. Do not use it in a production deployment. Use a production WSGI server instead.[0m
 * Running on http://localhost:5001
INFO:werkzeug:[33mPress CTRL+C to quit[0m
INFO:werkzeug: * Restarting with stat
WARNING:werkzeug: * Debugger is active!
INFO:werkzeug: * Debugger PIN: 196-859-547
INFO:werkzeug:[31m[1mWARNING: This is a development server. Do not use it in a production deployment. Use a production WSGI server instead.[0m
 * Running on http://localhost:5001
INFO:werkzeug:[33mPress CTRL+C to quit[0m
INFO:werkzeug: * Restarting with stat
WARNING:werkzeug: * Debugger is active!
INFO:werkzeug: * Debugger PIN: 196-859-547
INFO:werkzeug:[31m[1mWARNING: This is a development server. Do not use it in a production deployment. Use a production WSGI server instead.[0m
 * Running on http://localhost:5001
INFO:werkzeug:[33mPress CTRL+C to quit[0m
INFO:werkzeug: * Restarting with stat
WARNING:werkzeug: * Debugger is active!
INFO:werkzeug: * Debugger PIN: 196-859-547
INFO:werkzeug:[31m[1mWARNING: This is a development server. Do not use it in a production deployment. Use a production WSGI server instead.[0m
 * Running on http://localhost:5001
INFO:werkzeug:[33mPress CTRL+C to quit[0m
INFO:werkzeug: * Restarting with stat
WARNING:werkzeug: * Debugger is active!
INFO:werkzeug: * Debugger PIN: 599-917-100
INFO:werkzeug:127.0.0.1 - - [29/Aug/2025 04:59:37] "POST /api/auth/register HTTP/1.1" 200 -
INFO:werkzeug:[31m[1mWARNING: This is a development server. Do not use it in a production deployment. Use a production WSGI server instead.[0m
 * Running on http://localhost:5001
INFO:werkzeug:[33mPress CTRL+C to quit[0m
INFO:werkzeug: * Restarting with stat
WARNING:werkzeug: * Debugger is active!
INFO:werkzeug: * Debugger PIN: 599-917-100
INFO:werkzeug:127.0.0.1 - - [29/Aug/2025 05:17:38] "POST /api/auth/register HTTP/1.1" 200 -
INFO:werkzeug:127.0.0.1 - - [29/Aug/2025 05:18:40] "[33mGET /api/mfa/qr?username=user1 HTTP/1.1[0m" 404 -
INFO:werkzeug:127.0.0.1 - - [29/Aug/2025 05:18:40] "[33mGET /favicon.ico HTTP/1.1[0m" 404 -
INFO:werkzeug:127.0.0.1 - - [29/Aug/2025 05:19:20] "[33mGET /api/mfa/qr?username=user1 HTTP/1.1[0m" 404 -
INFO:werkzeug: * Detected change in 'C:\\Users\\vinay\\Downloads\\MF-133-2 2\\MF-133-2 2\\backend\\scripts\\mfa.py', reloading
INFO:werkzeug: * Restarting with stat
WARNING:werkzeug: * Debugger is active!
INFO:werkzeug: * Debugger PIN: 599-917-100
INFO:werkzeug: * Detected change in 'C:\\Users\\vinay\\Downloads\\MF-133-2 2\\MF-133-2 2\\backend\\scripts\\mfa.py', reloading
INFO:werkzeug: * Restarting with stat
WARNING:werkzeug: * Debugger is active!
INFO:werkzeug: * Debugger PIN: 599-917-100
INFO:werkzeug: * Detected change in 'C:\\Users\\vinay\\Downloads\\MF-133-2 2\\MF-133-2 2\\backend\\scripts\\mfa.py', reloading
INFO:werkzeug: * Restarting with stat
WARNING:werkzeug: * Debugger is active!
INFO:werkzeug: * Debugger PIN: 599-917-100
INFO:werkzeug: * Detected change in 'C:\\Users\\vinay\\Downloads\\MF-133-2 2\\MF-133-2 2\\backend\\scripts\\mfa.py', reloading
INFO:werkzeug: * Restarting with stat
WARNING:werkzeug: * Debugger is active!
INFO:werkzeug: * Debugger PIN: 599-917-100
INFO:werkzeug:127.0.0.1 - - [29/Aug/2025 05:41:59] "[31m[1mGET /api/auth/register HTTP/1.1[0m" 405 -
INFO:werkzeug:127.0.0.1 - - [29/Aug/2025 05:42:47] "POST /api/auth/register HTTP/1.1" 200 -
INFO:werkzeug:[31m[1mWARNING: This is a development server. Do not use it in a production deployment. Use a production WSGI server instead.[0m
 * Running on http://localhost:5001
INFO:werkzeug:[33mPress CTRL+C to quit[0m
INFO:werkzeug: * Restarting with stat
WARNING:werkzeug: * Debugger is active!
INFO:werkzeug: * Debugger PIN: 850-875-137
INFO:werkzeug:127.0.0.1 - - [29/Aug/2025 06:16:05] "POST /api/auth/register HTTP/1.1" 200 -
INFO:werkzeug: * Detected change in 'C:\\Users\\vinay\\Downloads\\2328675_ZTA\\ZTA\\backend\\api_server.py', reloading
INFO:werkzeug: * Restarting with stat
WARNING:werkzeug: * Debugger is active!
INFO:werkzeug: * Debugger PIN: 850-875-137
INFO:werkzeug: * Detected change in 'C:\\Users\\vinay\\Downloads\\2328675_ZTA\\ZTA\\backend\\scripts\\mfa.py', reloading
INFO:werkzeug: * Restarting with stat
WARNING:werkzeug: * Debugger is active!
INFO:werkzeug: * Debugger PIN: 850-875-137
INFO:werkzeug: * Detected change in 'C:\\Users\\vinay\\Downloads\\2328675_ZTA\\ZTA\\backend\\scripts\\mfa.py', reloading
INFO:werkzeug: * Restarting with stat
WARNING:werkzeug: * Debugger is active!
INFO:werkzeug: * Debugger PIN: 850-875-137
INFO:werkzeug:127.0.0.1 - - [29/Aug/2025 06:38:53] "POST /api/auth/register HTTP/1.1" 200 -
INFO:werkzeug:127.0.0.1 - - [29/Aug/2025 06:41:39] "[31m[1mGET /api/auth/register HTTP/1.1[0m" 405 -
INFO:werkzeug:[31m[1mWARNING: This is a development server. Do not use it in a production deployment. Use a production WSGI server instead.[0m
 * Running on http://localhost:5001
INFO:werkzeug:[33mPress CTRL+C to quit[0m
INFO:werkzeug: * Restarting with stat
WARNING:werkzeug: * Debugger is active!
INFO:werkzeug: * Debugger PIN: 107-088-929
INFO:werkzeug:127.0.0.1 - - [29/Aug/2025 07:01:33] "POST /api/auth/register HTTP/1.1" 200 -
INFO:werkzeug:127.0.0.1 - - [29/Aug/2025 07:03:34] "[31m[1mGET /login?user=admin'OR'1'='1 HTTP/1.1[0m" 403 -
INFO:werkzeug:127.0.0.1 - - [29/Aug/2025 07:03:45] "[31m[1mGET /dashboard?data=<script>alert('xss')</script> HTTP/1.1[0m" 403 -
